0 info it worked if it ends with ok
1 verbose cli [ 'node', '/usr/local/bin/npm', 'install', '-g', 'nodemon' ]
2 info using npm@2.0.0
3 info using node@v0.11.14
4 verbose cache add [ 'nodemon', null ]
5 verbose cache add spec="nodemon" args=["nodemon",null]
6 verbose parsed spec { raw: 'nodemon',
6 verbose parsed spec   scope: null,
6 verbose parsed spec   name: 'nodemon',
6 verbose parsed spec   rawSpec: '',
6 verbose parsed spec   spec: '*',
6 verbose parsed spec   type: 'range' }
7 verbose parsed spec { raw: 'nodemon',
7 verbose parsed spec   scope: null,
7 verbose parsed spec   name: 'nodemon',
7 verbose parsed spec   rawSpec: '',
7 verbose parsed spec   spec: '*',
7 verbose parsed spec   type: 'range' }
8 verbose addNamed [ 'nodemon', '*' ]
9 verbose addNamed [ null, '*' ]
10 silly lockFile fbeb9aa5-nodemon nodemon@*
11 verbose lock nodemon@* /Users/samaybhavsar/.npm/fbeb9aa5-nodemon.lock
12 silly addNameRange { name: 'nodemon', range: '*', hasData: false }
13 verbose mapToRegistry name nodemon
14 verbose mapToRegistry uri https://registry.npmjs.org/nodemon
15 verbose request on initialization, where is /nodemon
16 verbose request after pass 1, where is /nodemon
17 verbose request url raw /nodemon
18 verbose request resolving registry [ 'https://registry.npmjs.org/', './nodemon' ]
19 verbose request after pass 2, where is https://registry.npmjs.org/nodemon
20 verbose request no auth needed
21 info attempt registry request try #1 at 17:55:15
22 verbose request id a8e12df6b1a56433
23 http request GET https://registry.npmjs.org/nodemon
24 http 200 https://registry.npmjs.org/nodemon
25 silly registry.get cb [ 200,
25 silly registry.get   { server: 'CouchDB/1.5.0 (Erlang OTP/R16B03)',
25 silly registry.get     etag: '"2H8WX9YS8SSFDMTRXQ5RP8FV4"',
25 silly registry.get     'content-type': 'application/json',
25 silly registry.get     'cache-control': 'max-age=60',
25 silly registry.get     'content-length': '146716',
25 silly registry.get     'accept-ranges': 'bytes',
25 silly registry.get     date: 'Thu, 18 Jun 2015 12:25:16 GMT',
25 silly registry.get     via: '1.1 varnish',
25 silly registry.get     age: '27',
25 silly registry.get     connection: 'close',
25 silly registry.get     'x-served-by': 'cache-sin6927-SIN',
25 silly registry.get     'x-cache': 'HIT',
25 silly registry.get     'x-cache-hits': '5',
25 silly registry.get     'x-timer': 'S1434630316.243359,VS0,VE0',
25 silly registry.get     vary: 'Accept' } ]
26 silly addNameRange number 2 { name: 'nodemon', range: '*', hasData: true }
27 silly addNameRange versions [ 'nodemon',
27 silly addNameRange   [ '0.1.4',
27 silly addNameRange     '0.1.5',
27 silly addNameRange     '0.1.6',
27 silly addNameRange     '0.1.7',
27 silly addNameRange     '0.1.8',
27 silly addNameRange     '0.2.0',
27 silly addNameRange     '0.2.1',
27 silly addNameRange     '0.2.2',
27 silly addNameRange     '0.3.0',
27 silly addNameRange     '0.3.1',
27 silly addNameRange     '0.3.2',
27 silly addNameRange     '0.4.0',
27 silly addNameRange     '0.4.1',
27 silly addNameRange     '0.5.0',
27 silly addNameRange     '0.5.1',
27 silly addNameRange     '0.5.2',
27 silly addNameRange     '0.5.3',
27 silly addNameRange     '0.5.4',
27 silly addNameRange     '0.5.5',
27 silly addNameRange     '0.5.6',
27 silly addNameRange     '0.5.7',
27 silly addNameRange     '0.6.0',
27 silly addNameRange     '0.6.1',
27 silly addNameRange     '0.6.2',
27 silly addNameRange     '0.6.3',
27 silly addNameRange     '0.6.4',
27 silly addNameRange     '0.6.5',
27 silly addNameRange     '0.6.6',
27 silly addNameRange     '0.6.7',
27 silly addNameRange     '0.6.8',
27 silly addNameRange     '0.6.9',
27 silly addNameRange     '0.6.10',
27 silly addNameRange     '0.6.11',
27 silly addNameRange     '0.6.12',
27 silly addNameRange     '0.6.13',
27 silly addNameRange     '0.6.14',
27 silly addNameRange     '0.6.15',
27 silly addNameRange     '0.6.16',
27 silly addNameRange     '0.6.17',
27 silly addNameRange     '0.6.18',
27 silly addNameRange     '0.6.19',
27 silly addNameRange     '0.6.20',
27 silly addNameRange     '0.6.21',
27 silly addNameRange     '0.6.22',
27 silly addNameRange     '0.6.23',
27 silly addNameRange     '0.7.0',
27 silly addNameRange     '0.7.1',
27 silly addNameRange     '0.7.2',
27 silly addNameRange     '0.7.3',
27 silly addNameRange     '0.7.4',
27 silly addNameRange     '0.7.5',
27 silly addNameRange     '0.7.6',
27 silly addNameRange     '0.7.7',
27 silly addNameRange     '0.7.8',
27 silly addNameRange     '0.7.10',
27 silly addNameRange     '0.9.0',
27 silly addNameRange     '0.9.1',
27 silly addNameRange     '0.9.2',
27 silly addNameRange     '0.9.3',
27 silly addNameRange     '0.9.5',
27 silly addNameRange     '0.9.6',
27 silly addNameRange     '0.9.7',
27 silly addNameRange     '0.9.10',
27 silly addNameRange     '0.9.11',
27 silly addNameRange     '0.9.12',
27 silly addNameRange     '0.9.14',
27 silly addNameRange     '0.9.16',
27 silly addNameRange     '0.9.17',
27 silly addNameRange     '1.0.0',
27 silly addNameRange     '1.0.1',
27 silly addNameRange     '1.0.2',
27 silly addNameRange     '1.0.2-rc',
27 silly addNameRange     '0.6.10-a',
27 silly addNameRange     '1.0.2-rc3',
27 silly addNameRange     '1.0.2-rc4',
27 silly addNameRange     '1.0.3',
27 silly addNameRange     '1.0.4',
27 silly addNameRange     '1.0.5',
27 silly addNameRange     '1.0.6',
27 silly addNameRange     '1.0.7',
27 silly addNameRange     '1.0.8',
27 silly addNameRange     '1.0.9',
27 silly addNameRange     '1.0.10',
27 silly addNameRange     '1.0.11',
27 silly addNameRange     '1.0.12',
27 silly addNameRange     '1.0.13',
27 silly addNameRange     '1.0.14',
27 silly addNameRange     '1.0.15',
27 silly addNameRange     '1.0.16',
27 silly addNameRange     '1.0.17-rc1',
27 silly addNameRange     '1.0.17-rc2',
27 silly addNameRange     '1.0.17',
27 silly addNameRange     '1.0.18',
27 silly addNameRange     '1.0.19',
27 silly addNameRange     '1.0.20',
27 silly addNameRange     '1.1.0-alpha',
27 silly addNameRange     '1.1.0',
27 silly addNameRange     '1.1.1',
27 silly addNameRange     '1.2.0',
27 silly addNameRange     '1.2.1',
27 silly addNameRange     '1.3.0-0',
27 silly addNameRange     '1.3.0-1',
27 silly addNameRange     '1.3.0-2',
27 silly addNameRange     '1.3.0-3',
27 silly addNameRange     '1.3.0-4',
27 silly addNameRange     '1.3.0-5',
27 silly addNameRange     '1.3.0-6',
27 silly addNameRange     '1.3.0-7',
27 silly addNameRange     '1.3.0',
27 silly addNameRange     '1.3.1',
27 silly addNameRange     '1.3.2',
27 silly addNameRange     '1.3.3',
27 silly addNameRange     '1.3.5',
27 silly addNameRange     '1.3.6',
27 silly addNameRange     '1.3.7' ] ]
28 verbose addNamed [ 'nodemon', '1.3.7' ]
29 verbose addNamed [ '1.3.7', '1.3.7' ]
30 silly lockFile fec6bbf0-nodemon-1-3-7 nodemon@1.3.7
31 verbose lock nodemon@1.3.7 /Users/samaybhavsar/.npm/fec6bbf0-nodemon-1-3-7.lock
32 silly lockFile bcea1563-js-org-nodemon-nodemon-1-3-7-tgz https://registry.npmjs.org/nodemon/-/nodemon-1.3.7.tgz
33 verbose lock https://registry.npmjs.org/nodemon/-/nodemon-1.3.7.tgz /Users/samaybhavsar/.npm/bcea1563-js-org-nodemon-nodemon-1-3-7-tgz.lock
34 verbose addRemoteTarball [ 'https://registry.npmjs.org/nodemon/-/nodemon-1.3.7.tgz',
34 verbose addRemoteTarball   '447bc2e01bf499cbf5853f9937496e0a04835449' ]
35 info retry fetch attempt 1 at 17:55:17
36 info attempt registry request try #1 at 17:55:17
37 http fetch GET https://registry.npmjs.org/nodemon/-/nodemon-1.3.7.tgz
38 http fetch 200 https://registry.npmjs.org/nodemon/-/nodemon-1.3.7.tgz
39 silly fetchAndShaCheck shasum 447bc2e01bf499cbf5853f9937496e0a04835449
40 silly lockFile bcea1563-js-org-nodemon-nodemon-1-3-7-tgz https://registry.npmjs.org/nodemon/-/nodemon-1.3.7.tgz
41 silly lockFile bcea1563-js-org-nodemon-nodemon-1-3-7-tgz https://registry.npmjs.org/nodemon/-/nodemon-1.3.7.tgz
42 silly lockFile fec6bbf0-nodemon-1-3-7 nodemon@1.3.7
43 silly lockFile fec6bbf0-nodemon-1-3-7 nodemon@1.3.7
44 silly lockFile fbeb9aa5-nodemon nodemon@*
45 silly lockFile fbeb9aa5-nodemon nodemon@*
46 silly resolved [ { name: 'nodemon',
46 silly resolved     homepage: 'http://nodemon.io',
46 silly resolved     author: { name: 'Remy Sharp', url: 'http://github.com/remy' },
46 silly resolved     bin: { nodemon: './bin/nodemon.js' },
46 silly resolved     engines: { node: '>=0.8' },
46 silly resolved     repository: { type: 'git', url: 'http://github.com/remy/nodemon.git' },
46 silly resolved     description: 'Simple monitor script for use during development of a node.js app.',
46 silly resolved     keywords:
46 silly resolved      [ 'monitor',
46 silly resolved        'development',
46 silly resolved        'restart',
46 silly resolved        'autoload',
46 silly resolved        'reload',
46 silly resolved        'terminal' ],
46 silly resolved     version: '1.3.7',
46 silly resolved     preferGlobal: 'true',
46 silly resolved     licenses: [ [Object] ],
46 silly resolved     main: './lib/nodemon',
46 silly resolved     scripts:
46 silly resolved      { coverage: 'istanbul cover _mocha -- --timeout 30000 --ui bdd --reporter list test/**/*.test.js',
46 silly resolved        ':test': 'mocha --timeout 30000 --ui bdd test/**/*.test.js',
46 silly resolved        test: 'for FILE in test/**/*.test.js; do echo $FILE; ./node_modules/.bin/mocha --timeout 30000 $FILE; if [ $? -ne 0 ]; then exit 1; fi; sleep 1; done',
46 silly resolved        web: 'node web' },
46 silly resolved     devDependencies:
46 silly resolved      { 'coffee-script': '~1.7.1',
46 silly resolved        connect: '~2.19.1',
46 silly resolved        istanbul: '~0.2.10',
46 silly resolved        mocha: '^2.0.1',
46 silly resolved        should: '~4.0.0' },
46 silly resolved     dependencies:
46 silly resolved      { minimatch: '~0.3.0',
46 silly resolved        'ps-tree': '~0.0.3',
46 silly resolved        touch: '~0.0.3',
46 silly resolved        'update-notifier': '^0.3.0' },
46 silly resolved     gitHead: 'ceb53ce403f7b5a39ba4c133f73fe780e472209e',
46 silly resolved     bugs: { url: 'https://github.com/remy/nodemon/issues' },
46 silly resolved     _id: 'nodemon@1.3.7',
46 silly resolved     _shasum: '447bc2e01bf499cbf5853f9937496e0a04835449',
46 silly resolved     _from: 'nodemon@*',
46 silly resolved     _npmVersion: '1.4.28',
46 silly resolved     _npmUser: { name: 'remy', email: 'remy@remysharp.com' },
46 silly resolved     maintainers: [ [Object] ],
46 silly resolved     dist:
46 silly resolved      { shasum: '447bc2e01bf499cbf5853f9937496e0a04835449',
46 silly resolved        tarball: 'http://registry.npmjs.org/nodemon/-/nodemon-1.3.7.tgz' },
46 silly resolved     directories: {},
46 silly resolved     _resolved: 'https://registry.npmjs.org/nodemon/-/nodemon-1.3.7.tgz' } ]
47 info install nodemon@1.3.7 into /usr/local/lib
48 info installOne nodemon@1.3.7
49 verbose lib/node_modules/nodemon unbuild
50 verbose gentlyRm vacuuming /usr/local/lib/node_modules/nodemon
51 verbose tar unpack /Users/samaybhavsar/.npm/nodemon/1.3.7/package.tgz
52 silly lockFile 15c6d46c-r-local-lib-node-modules-nodemon tar:///usr/local/lib/node_modules/nodemon
53 verbose lock tar:///usr/local/lib/node_modules/nodemon /Users/samaybhavsar/.npm/15c6d46c-r-local-lib-node-modules-nodemon.lock
54 silly lockFile 666e265e-ar-npm-nodemon-1-3-7-package-tgz tar:///Users/samaybhavsar/.npm/nodemon/1.3.7/package.tgz
55 verbose lock tar:///Users/samaybhavsar/.npm/nodemon/1.3.7/package.tgz /Users/samaybhavsar/.npm/666e265e-ar-npm-nodemon-1-3-7-package-tgz.lock
56 verbose gentlyRm vacuuming /usr/local/lib/node_modules/nodemon
57 silly gunzTarPerm modes [ '755', '644' ]
58 verbose fstream_path /usr/local/lib/node_modules/nodemon
59 verbose fstream_type Directory
60 verbose fstream_class DirWriter
61 verbose stack Error: EACCES, mkdir '/usr/local/lib/node_modules/nodemon'
61 verbose stack     at Error (native)
62 verbose fstream_stack /usr/local/lib/node_modules/npm/node_modules/fstream/lib/dir-writer.js:36:23
62 verbose fstream_stack /usr/local/lib/node_modules/npm/node_modules/mkdirp/index.js:46:53
62 verbose fstream_stack Object.oncomplete (fs.js:93:15)
63 verbose cwd /Users/samaybhavsar/Code/node-token-auth/node-token-authentication
64 error Darwin 12.6.0
65 error argv "node" "/usr/local/bin/npm" "install" "-g" "nodemon"
66 error node v0.11.14
67 error npm  v2.0.0
68 error path /usr/local/lib/node_modules/nodemon
69 error code EACCES
70 error errno -13
71 error Error: EACCES, mkdir '/usr/local/lib/node_modules/nodemon'
71 error     at Error (native)
71 error  { [Error: EACCES, mkdir '/usr/local/lib/node_modules/nodemon']
71 error   stack: 'Error: EACCES, mkdir \'/usr/local/lib/node_modules/nodemon\'\n    at Error (native)',
71 error   errno: -13,
71 error   code: 'EACCES',
71 error   path: '/usr/local/lib/node_modules/nodemon',
71 error   fstream_type: 'Directory',
71 error   fstream_path: '/usr/local/lib/node_modules/nodemon',
71 error   fstream_class: 'DirWriter',
71 error   fstream_stack:
71 error    [ '/usr/local/lib/node_modules/npm/node_modules/fstream/lib/dir-writer.js:36:23',
71 error      '/usr/local/lib/node_modules/npm/node_modules/mkdirp/index.js:46:53',
71 error      'Object.oncomplete (fs.js:93:15)' ] }
72 error Please try running this command again as root/Administrator.
73 verbose exit [ -13, true ]
